[debug] [2026-04-30T14:19:22.127Z] ----------------------------------------------------------------------
[debug] [2026-04-30T14:19:22.129Z] Command:       C:\Program Files\nodejs\node.exe C:\Users\user\AppData\Local\npm-cache\_npx\7750544ccf494d8b\node_modules\firebase-tools\lib\bin\firebase.js emulators:start
[debug] [2026-04-30T14:19:22.129Z] CLI Version:   15.16.0
[debug] [2026-04-30T14:19:22.129Z] Platform:      win32
[debug] [2026-04-30T14:19:22.129Z] Node Version:  v24.14.0
[debug] [2026-04-30T14:19:22.130Z] Time:          Thu Apr 30 2026 23:19:22 GMT+0900 (한국 표준시)
[debug] [2026-04-30T14:19:22.130Z] ----------------------------------------------------------------------
[debug] 
[debug] [2026-04-30T14:19:26.172Z] Object "/functions" in "firebase.json" has unknown property: {"additionalProperty":"engines"}
[debug] [2026-04-30T14:19:26.172Z] Object "/functions" in "firebase.json" is missing required property: {"missingProperty":"remoteSource"}
[debug] [2026-04-30T14:19:26.173Z] Field "/functions" in "firebase.json" is possibly invalid: must be array
[debug] [2026-04-30T14:19:26.173Z] Field "/functions" in "firebase.json" is possibly invalid: must match a schema in anyOf
[debug] [2026-04-30T14:19:26.189Z] > command requires scopes: ["email","openid","https://www.googleapis.com/auth/cloudplatformprojects.readonly","https://www.googleapis.com/auth/firebase","https://www.googleapis.com/auth/cloud-platform"]
[debug] [2026-04-30T14:19:26.190Z] > authorizing via signed-in user (topclass192@gmail.com)
[debug] [2026-04-30T14:19:26.389Z] openjdk version "21.0.10" 2026-01-20 LTS

[debug] [2026-04-30T14:19:26.390Z] OpenJDK Runtime Environment Microsoft-13106404 (build 21.0.10+7-LTS)
OpenJDK 64-Bit Server VM Microsoft-13106404 (build 21.0.10+7-LTS, mixed mode, sharing)

[debug] [2026-04-30T14:19:26.402Z] Parsed Java major version: 21
[info] i  emulators: Starting emulators: auth, functions, firestore, hosting, storage, extensions {"metadata":{"emulator":{"name":"hub"},"message":"Starting emulators: auth, functions, firestore, hosting, storage, extensions"}}
[debug] [2026-04-30T14:19:26.407Z] Checked if tokens are valid: true, expires at: 1777560397530
[debug] [2026-04-30T14:19:26.407Z] Checked if tokens are valid: true, expires at: 1777560397530
[debug] [2026-04-30T14:19:26.409Z] >>> [apiv2][query] GET https://cloudresourcemanager.googleapis.com/v1/projects/anting-app [none]
[debug] [2026-04-30T14:19:26.850Z] <<< [apiv2][status] GET https://cloudresourcemanager.googleapis.com/v1/projects/anting-app 200
[debug] [2026-04-30T14:19:26.850Z] <<< [apiv2][body] GET https://cloudresourcemanager.googleapis.com/v1/projects/anting-app {"projectNumber":"80874220048","projectId":"anting-app","lifecycleState":"ACTIVE","name":"Anting App","createTime":"2026-04-23T04:57:16.041Z"}
[debug] [2026-04-30T14:19:26.995Z] [logging] Logging Emulator only supports listening on one address (127.0.0.1). Not listening on ::1
[debug] [2026-04-30T14:19:26.995Z] [auth] Authentication Emulator only supports listening on one address (127.0.0.1). Not listening on ::1
[debug] [2026-04-30T14:19:26.995Z] [firestore] Firestore Emulator only supports listening on one address (127.0.0.1). Not listening on ::1
[debug] [2026-04-30T14:19:26.995Z] [firestore.websocket] websocket server for firestore only supports listening on one address (127.0.0.1). Not listening on ::1
[debug] [2026-04-30T14:19:26.996Z] [hosting] Hosting Emulator only supports listening on one address (127.0.0.1). Not listening on ::1
[debug] [2026-04-30T14:19:26.996Z] [storage] Storage Emulator only supports listening on one address (127.0.0.1). Not listening on ::1
[debug] [2026-04-30T14:19:26.996Z] assigned listening specs for emulators {"user":{"hub":[{"address":"127.0.0.1","family":"IPv4","port":4400},{"address":"::1","family":"IPv6","port":4400}],"ui":[{"address":"127.0.0.1","family":"IPv4","port":4000},{"address":"::1","family":"IPv6","port":4000}],"logging":[{"address":"127.0.0.1","family":"IPv4","port":4500}],"auth":[{"address":"127.0.0.1","family":"IPv4","port":9099}],"firestore":[{"address":"127.0.0.1","family":"IPv4","port":8080}],"firestore.websocket":[{"address":"127.0.0.1","family":"IPv4","port":9150}],"hosting":[{"address":"127.0.0.1","family":"IPv4","port":5000}],"storage":[{"address":"127.0.0.1","family":"IPv4","port":9199}]},"metadata":{"message":"assigned listening specs for emulators"}}
[debug] [2026-04-30T14:19:27.010Z] Write emulator hub locator at C:\Users\user\AppData\Local\Temp\hub-anting-app.json
[debug] [2026-04-30T14:19:27.042Z] [Extensions] Started Extensions emulator, this is a noop.
[debug] [2026-04-30T14:19:27.114Z] [functions] Functions Emulator only supports listening on one address (127.0.0.1). Not listening on ::1
[debug] [2026-04-30T14:19:27.114Z] [eventarc] Eventarc Emulator only supports listening on one address (127.0.0.1). Not listening on ::1
[debug] [2026-04-30T14:19:27.115Z] [tasks] Cloud Tasks Emulator only supports listening on one address (127.0.0.1). Not listening on ::1
[debug] [2026-04-30T14:19:27.117Z] late-assigned ports for functions and eventarc emulators {"user":{"hub":[{"address":"127.0.0.1","family":"IPv4","port":4400},{"address":"::1","family":"IPv6","port":4400}],"ui":[{"address":"127.0.0.1","family":"IPv4","port":4000},{"address":"::1","family":"IPv6","port":4000}],"logging":[{"address":"127.0.0.1","family":"IPv4","port":4500}],"auth":[{"address":"127.0.0.1","family":"IPv4","port":9099}],"firestore":[{"address":"127.0.0.1","family":"IPv4","port":8080}],"firestore.websocket":[{"address":"127.0.0.1","family":"IPv4","port":9150}],"hosting":[{"address":"127.0.0.1","family":"IPv4","port":5000}],"storage":[{"address":"127.0.0.1","family":"IPv4","port":9199}],"functions":[{"address":"127.0.0.1","family":"IPv4","port":5001}],"eventarc":[{"address":"127.0.0.1","family":"IPv4","port":9299}],"tasks":[{"address":"127.0.0.1","family":"IPv4","port":9499}]},"metadata":{"message":"late-assigned ports for functions and eventarc emulators"}}
[warn] !  functions: The following emulators are not running, calls to these services from the Functions emulator will affect production: apphosting, database, pubsub, dataconnect {"metadata":{"emulator":{"name":"functions"},"message":"The following emulators are not running, calls to these services from the Functions emulator will affect production: \u001b[1mapphosting, database, pubsub, dataconnect\u001b[22m"}}
[debug] [2026-04-30T14:19:27.203Z] defaultcredentials: writing to file C:\Users\user\AppData\Roaming\firebase\topclass192_gmail_com_application_default_credentials.json
[debug] [2026-04-30T14:19:27.206Z] Setting GAC to C:\Users\user\AppData\Roaming\firebase\topclass192_gmail_com_application_default_credentials.json {"metadata":{"emulator":{"name":"functions"},"message":"Setting GAC to C:\\Users\\user\\AppData\\Roaming\\firebase\\topclass192_gmail_com_application_default_credentials.json"}}
[debug] [2026-04-30T14:19:27.207Z] Checked if tokens are valid: true, expires at: 1777560397530
[debug] [2026-04-30T14:19:27.207Z] Checked if tokens are valid: true, expires at: 1777560397530
[debug] [2026-04-30T14:19:27.207Z] >>> [apiv2][query] GET https://firebase.googleapis.com/v1beta1/projects/anting-app/adminSdkConfig [none]
[debug] [2026-04-30T14:19:28.047Z] <<< [apiv2][status] GET https://firebase.googleapis.com/v1beta1/projects/anting-app/adminSdkConfig 404
[debug] [2026-04-30T14:19:28.048Z] <<< [apiv2][body] GET https://firebase.googleapis.com/v1beta1/projects/anting-app/adminSdkConfig {"error":{"code":404,"message":"Requested entity was not found.","status":"NOT_FOUND"}}
[debug] [2026-04-30T14:19:28.049Z] Failed to get Admin SDK config for anting-app, falling back to cache Failed to get Admin SDK for Firebase project anting-app. Please make sure the project exists and your account has permission to access it. {"name":"FirebaseError","children":[],"exit":2,"message":"Failed to get Admin SDK for Firebase project anting-app. Please make sure the project exists and your account has permission to access it.","original":{"name":"FirebaseError","children":[],"context":{"body":{"error":{"code":404,"message":"Requested entity was not found.","status":"NOT_FOUND"}},"response":{"statusCode":404}},"exit":1,"message":"Request to https://firebase.googleapis.com/v1beta1/projects/anting-app/adminSdkConfig had HTTP Error: 404, Requested entity was not found.","status":404},"status":500}
[warn] !  functions: Unable to fetch project Admin SDK configuration, Admin SDK behavior in Cloud Functions emulator may be incorrect. {"metadata":{"emulator":{"name":"functions"},"message":"Unable to fetch project Admin SDK configuration, Admin SDK behavior in Cloud Functions emulator may be incorrect."}}
[info] i  firestore: downloading cloud-firestore-emulator-v1.21.0.jar... {"metadata":{"emulator":{"name":"firestore"},"message":"downloading cloud-firestore-emulator-v1.21.0.jar..."}}
[debug] [2026-04-30T14:19:28.140Z] >>> [apiv2][query] GET https://storage.googleapis.com/firebase-preview-drop/emulator/cloud-firestore-emulator-v1.21.0.jar 
[debug] [2026-04-30T14:19:28.477Z] <<< [apiv2][status] GET https://storage.googleapis.com/firebase-preview-drop/emulator/cloud-firestore-emulator-v1.21.0.jar 200
[debug] [2026-04-30T14:19:28.482Z] <<< [apiv2][body] GET https://storage.googleapis.com/firebase-preview-drop/emulator/cloud-firestore-emulator-v1.21.0.jar [stream]
[info] i  firestore: Removing outdated emulator files: cloud-firestore-emulator-v1.20.4.jar {"metadata":{"emulator":{"name":"firestore"},"message":"Removing outdated emulator files: cloud-firestore-emulator-v1.20.4.jar"}}
[debug] [2026-04-30T14:19:36.876Z] Ignoring unsupported arg: auto_download {"metadata":{"emulator":{"name":"firestore"},"message":"Ignoring unsupported arg: auto_download"}}
[debug] [2026-04-30T14:19:36.878Z] Ignoring unsupported arg: single_project_mode_error {"metadata":{"emulator":{"name":"firestore"},"message":"Ignoring unsupported arg: single_project_mode_error"}}
[debug] [2026-04-30T14:19:36.879Z] Starting Firestore Emulator with command {"binary":"java","args":["-Dgoogle.cloud_firestore.debug_log_level=FINE","-Duser.language=en","-jar","C:\\Users\\user\\.cache\\firebase\\emulators\\cloud-firestore-emulator-v1.21.0.jar","--host","127.0.0.1","--port",8080,"--websocket_port",9150,"--database-edition","standard","--project_id","anting-app","--rules","C:\\Users\\user\\OneDrive\\Desktop\\anting\\firestore.rules","--single_project_mode",true,"--functions_emulator","127.0.0.1:5001"],"optionalArgs":["port","webchannel_port","host","rules","websocket_port","database-edition","functions_emulator","seed_from_export","project_id","single_project_mode"],"joinArgs":false,"shell":false,"port":8080} {"metadata":{"emulator":{"name":"firestore"},"message":"Starting Firestore Emulator with command {\"binary\":\"java\",\"args\":[\"-Dgoogle.cloud_firestore.debug_log_level=FINE\",\"-Duser.language=en\",\"-jar\",\"C:\\\\Users\\\\user\\\\.cache\\\\firebase\\\\emulators\\\\cloud-firestore-emulator-v1.21.0.jar\",\"--host\",\"127.0.0.1\",\"--port\",8080,\"--websocket_port\",9150,\"--database-edition\",\"standard\",\"--project_id\",\"anting-app\",\"--rules\",\"C:\\\\Users\\\\user\\\\OneDrive\\\\Desktop\\\\anting\\\\firestore.rules\",\"--single_project_mode\",true,\"--functions_emulator\",\"127.0.0.1:5001\"],\"optionalArgs\":[\"port\",\"webchannel_port\",\"host\",\"rules\",\"websocket_port\",\"database-edition\",\"functions_emulator\",\"seed_from_export\",\"project_id\",\"single_project_mode\"],\"joinArgs\":false,\"shell\":false,\"port\":8080}"}}
[info] i  firestore: Firestore Emulator logging to firestore-debug.log {"metadata":{"emulator":{"name":"firestore"},"message":"Firestore Emulator logging to \u001b[1mfirestore-debug.log\u001b[22m"}}
[debug] [2026-04-30T14:19:38.146Z] Apr 30, 2026 11:19:38 PM com.google.cloud.datastore.emulator.firestore.websocket.WebSocketServer start
INFO: Started WebSocket server on ws://127.0.0.1:9150
 {"metadata":{"emulator":{"name":"firestore"},"message":"Apr 30, 2026 11:19:38 PM com.google.cloud.datastore.emulator.firestore.websocket.WebSocketServer start\r\nINFO: Started WebSocket server on ws://127.0.0.1:9150\r\n"}}
[debug] [2026-04-30T14:19:38.208Z] 
API endpoint: http://127.0.0.1:8080
 {"metadata":{"emulator":{"name":"firestore"},"message":"\nAPI endpoint: http://127.0.0.1:8080\n"}}
[debug] [2026-04-30T14:19:38.209Z] Database Edition: STANDARD
Database Mode: CLOUD_FIRESTORE

If you are using a library that supports the FIRESTORE_EMULATOR_HOST environment variable, run:

   export FIRESTORE_EMULATOR_HOST=127.0.0.1:8080

If you are running a Firestore in Datastore Mode project, run:

   export DATASTORE_EMULATOR_HOST=127.0.0.1:8080

Note: Support for Datastore Mode is in preview. If you encounter any bugs please file at https://github.com/firebase/firebase-tools/issues.
Dev App Server is now running.

 {"metadata":{"emulator":{"name":"firestore"},"message":"Database Edition: STANDARD\nDatabase Mode: CLOUD_FIRESTORE\n\nIf you are using a library that supports the FIRESTORE_EMULATOR_HOST environment variable, run:\r\n\n   export FIRESTORE_EMULATOR_HOST=127.0.0.1:8080\n\nIf you are running a Firestore in Datastore Mode project, run:\r\n\n   export DATASTORE_EMULATOR_HOST=127.0.0.1:8080\n\nNote: Support for Datastore Mode is in preview. If you encounter any bugs please file at https://github.com/firebase/firebase-tools/issues.\r\nDev App Server is now running.\n\r\n"}}
[info] +  firestore: Firestore Emulator was started in standard edition. {"metadata":{"emulator":{"name":"firestore"},"message":"Firestore Emulator was started in standard edition."}}
[info] +  firestore: Firestore Emulator UI websocket is running on 9150. {"metadata":{"emulator":{"name":"firestore"},"message":"Firestore Emulator UI websocket is running on 9150."}}
[debug] [2026-04-30T14:20:00.183Z] Ignoring unsupported arg: port {"metadata":{"emulator":{"name":"storage"},"message":"Ignoring unsupported arg: port"}}
[debug] [2026-04-30T14:20:00.956Z] Temp file directory for storage emulator: C:\Users\user\AppData\Local\Temp/firebase/storage/blobs {"metadata":{"emulator":{"name":"storage"},"message":"Temp file directory for storage emulator: C:\\Users\\user\\AppData\\Local\\Temp/firebase/storage/blobs"}}
[debug] [2026-04-30T14:20:00.962Z] Checked if tokens are valid: true, expires at: 1777560397530
[debug] [2026-04-30T14:20:00.962Z] Checked if tokens are valid: true, expires at: 1777560397530
[debug] [2026-04-30T14:20:00.962Z] >>> [apiv2][query] GET https://firebasehosting.googleapis.com/v1beta1/projects/anting-app/sites 
[debug] [2026-04-30T14:20:01.947Z] <<< [apiv2][status] GET https://firebasehosting.googleapis.com/v1beta1/projects/anting-app/sites 200
[debug] [2026-04-30T14:20:01.947Z] <<< [apiv2][body] GET https://firebasehosting.googleapis.com/v1beta1/projects/anting-app/sites {}
[debug] [2026-04-30T14:20:01.947Z] Failed to list hosting sites
[debug] 
[debug] [2026-04-30T14:20:01.947Z] Checked if tokens are valid: true, expires at: 1777560397530
[debug] [2026-04-30T14:20:01.947Z] Checked if tokens are valid: true, expires at: 1777560397530
[debug] [2026-04-30T14:20:01.947Z] >>> [apiv2][query] GET https://firebase.googleapis.com/v1beta1/projects/anting-app/webApps/-/config [none]
[debug] [2026-04-30T14:20:02.461Z] <<< [apiv2][status] GET https://firebase.googleapis.com/v1beta1/projects/anting-app/webApps/-/config 400
[debug] [2026-04-30T14:20:02.461Z] <<< [apiv2][body] GET https://firebase.googleapis.com/v1beta1/projects/anting-app/webApps/-/config {"error":{"code":400,"message":"Firebase Management API is not enabled. Please enable the API in the Google Cloud Platform console at https://console.cloud.google.com/apis/library/firebase.googleapis.com?project=80874220048","status":"FAILED_PRECONDITION"}}
[debug] [2026-04-30T14:20:02.462Z] fetchWebSetup error: FirebaseError: Request to https://firebase.googleapis.com/v1beta1/projects/anting-app/webApps/-/config had HTTP Error: 400, Firebase Management API is not enabled. Please enable the API in the Google Cloud Platform console at https://console.cloud.google.com/apis/library/firebase.googleapis.com?project=80874220048
[warn] !  hosting: Could not fetch web app configuration and there is no cached configuration on this machine. Check your internet connection and make sure you are authenticated. To continue, you must call firebase.initializeApp({...}) in your code before using Firebase. 
[debug] [2026-04-30T14:20:02.463Z] Checked if tokens are valid: true, expires at: 1777560397530
[debug] [2026-04-30T14:20:02.463Z] Checked if tokens are valid: true, expires at: 1777560397530
[debug] [2026-04-30T14:20:02.463Z] >>> [apiv2][query] GET https://firebase.googleapis.com/v1beta1/projects/anting-app [none]
[debug] [2026-04-30T14:20:03.068Z] <<< [apiv2][status] GET https://firebase.googleapis.com/v1beta1/projects/anting-app 404
[debug] [2026-04-30T14:20:03.068Z] <<< [apiv2][body] GET https://firebase.googleapis.com/v1beta1/projects/anting-app {"error":{"code":404,"message":"Requested entity was not found.","status":"NOT_FOUND"}}
[debug] [2026-04-30T14:20:03.068Z] Couldn't get project info from firedata for anting-app, trying resource manager. Original error: FirebaseError: Request to https://firebase.googleapis.com/v1beta1/projects/anting-app had HTTP Error: 404, Requested entity was not found.
[debug] [2026-04-30T14:20:03.069Z] Checked if tokens are valid: true, expires at: 1777560397530
[debug] [2026-04-30T14:20:03.069Z] Checked if tokens are valid: true, expires at: 1777560397530
[debug] [2026-04-30T14:20:03.069Z] >>> [apiv2][query] GET https://cloudresourcemanager.googleapis.com/v1/projects/anting-app [none]
[debug] [2026-04-30T14:20:03.385Z] <<< [apiv2][status] GET https://cloudresourcemanager.googleapis.com/v1/projects/anting-app 200
[debug] [2026-04-30T14:20:03.386Z] <<< [apiv2][body] GET https://cloudresourcemanager.googleapis.com/v1/projects/anting-app {"projectNumber":"80874220048","projectId":"anting-app","lifecycleState":"ACTIVE","name":"Anting App","createTime":"2026-04-23T04:57:16.041Z"}
[debug] [2026-04-30T14:20:03.386Z] the default site does not exist on the Firebase project; asking Hosting.
[debug] [2026-04-30T14:20:03.386Z] Checked if tokens are valid: true, expires at: 1777560397530
[debug] [2026-04-30T14:20:03.386Z] Checked if tokens are valid: true, expires at: 1777560397530
[debug] [2026-04-30T14:20:03.386Z] >>> [apiv2][query] GET https://firebasehosting.googleapis.com/v1beta1/projects/anting-app/sites pageToken=&pageSize=10
[debug] [2026-04-30T14:20:04.090Z] <<< [apiv2][status] GET https://firebasehosting.googleapis.com/v1beta1/projects/anting-app/sites 200
[debug] [2026-04-30T14:20:04.091Z] <<< [apiv2][body] GET https://firebasehosting.googleapis.com/v1beta1/projects/anting-app/sites {}
[info] i  hosting[anting-app]: Serving hosting files from: apps/web/build {"metadata":{"emulator":{"name":"hosting"},"message":"Serving hosting files from: \u001b[1mapps/web/build\u001b[22m"}}
[info] +  hosting[anting-app]: Local server: http://127.0.0.1:5000 {"metadata":{"emulator":{"name":"hosting"},"message":"Local server: \u001b[4m\u001b[1mhttp://127.0.0.1:5000\u001b[22m\u001b[24m"}}
[info] i  ui: downloading ui-v1.15.0.zip... {"metadata":{"emulator":{"name":"ui"},"message":"downloading ui-v1.15.0.zip..."}}
[debug] [2026-04-30T14:20:04.114Z] >>> [apiv2][query] GET https://storage.googleapis.com/firebase-preview-drop/emulator/ui-v1.15.0.zip 
[debug] [2026-04-30T14:20:04.266Z] <<< [apiv2][status] GET https://storage.googleapis.com/firebase-preview-drop/emulator/ui-v1.15.0.zip 200
[debug] [2026-04-30T14:20:04.266Z] <<< [apiv2][body] GET https://storage.googleapis.com/firebase-preview-drop/emulator/ui-v1.15.0.zip [stream]
[debug] [2026-04-30T14:20:04.631Z] Data is 3538469
[debug] [2026-04-30T14:20:04.631Z] [unzip] Entry: client/ (compressed_size=0 bytes, uncompressed_size=0 bytes)
[debug] [2026-04-30T14:20:04.632Z] [unzip] Processing entry: client\
[debug] [2026-04-30T14:20:04.632Z] [unzip] mkdir: C:\Users\user\.cache\firebase\emulators\ui-v1.15.0\client\
[debug] [2026-04-30T14:20:04.635Z] [unzip] Entry: client/favicon-16x16.png (compressed_size=293 bytes, uncompressed_size=293 bytes)
[debug] [2026-04-30T14:20:04.635Z] [unzip] Processing entry: client\favicon-16x16.png
[debug] [2026-04-30T14:20:04.635Z] [unzip] else mkdir: C:\Users\user\.cache\firebase\emulators\ui-v1.15.0\client
[debug] [2026-04-30T14:20:04.636Z] [unzip] Writing file: C:\Users\user\.cache\firebase\emulators\ui-v1.15.0\client\favicon-16x16.png
[debug] [2026-04-30T14:20:04.637Z] [unzip] Entry: client/safari-pinned-tab.svg (compressed_size=1433 bytes, uncompressed_size=2611 bytes)
[debug] [2026-04-30T14:20:04.638Z] [unzip] Processing entry: client\safari-pinned-tab.svg
[debug] [2026-04-30T14:20:04.638Z] [unzip] else mkdir: C:\Users\user\.cache\firebase\emulators\ui-v1.15.0\client
[debug] [2026-04-30T14:20:04.638Z] [unzip] deflating: C:\Users\user\.cache\firebase\emulators\ui-v1.15.0\client\safari-pinned-tab.svg
[debug] [2026-04-30T14:20:04.641Z] [unzip] Entry: client/favicon.ico (compressed_size=2933 bytes, uncompressed_size=13294 bytes)
[debug] [2026-04-30T14:20:04.641Z] [unzip] Processing entry: client\favicon.ico
[debug] [2026-04-30T14:20:04.642Z] [unzip] else mkdir: C:\Users\user\.cache\firebase\emulators\ui-v1.15.0\client
[debug] [2026-04-30T14:20:04.642Z] [unzip] deflating: C:\Users\user\.cache\firebase\emulators\ui-v1.15.0\client\favicon.ico
[debug] [2026-04-30T14:20:04.644Z] [unzip] Entry: client/index.html (compressed_size=1364 bytes, uncompressed_size=3071 bytes)
[debug] [2026-04-30T14:20:04.644Z] [unzip] Processing entry: client\index.html
[debug] [2026-04-30T14:20:04.644Z] [unzip] else mkdir: C:\Users\user\.cache\firebase\emulators\ui-v1.15.0\client
[debug] [2026-04-30T14:20:04.644Z] [unzip] deflating: C:\Users\user\.cache\firebase\emulators\ui-v1.15.0\client\index.html
[debug] [2026-04-30T14:20:04.645Z] [unzip] Entry: client/android-chrome-192x192.png (compressed_size=2684 bytes, uncompressed_size=2684 bytes)
[debug] [2026-04-30T14:20:04.645Z] [unzip] Processing entry: client\android-chrome-192x192.png
[debug] [2026-04-30T14:20:04.645Z] [unzip] else mkdir: C:\Users\user\.cache\firebase\emulators\ui-v1.15.0\client
[debug] [2026-04-30T14:20:04.646Z] [unzip] Writing file: C:\Users\user\.cache\firebase\emulators\ui-v1.15.0\client\android-chrome-192x192.png
[debug] [2026-04-30T14:20:04.647Z] [unzip] Entry: client/apple-touch-icon.png (compressed_size=2123 bytes, uncompressed_size=2152 bytes)
[debug] [2026-04-30T14:20:04.647Z] [unzip] Processing entry: client\apple-touch-icon.png
[debug] [2026-04-30T14:20:04.647Z] [unzip] else mkdir: C:\Users\user\.cache\firebase\emulators\ui-v1.15.0\client
[debug] [2026-04-30T14:20:04.647Z] [unzip] deflating: C:\Users\user\.cache\firebase\emulators\ui-v1.15.0\client\apple-touch-icon.png
[debug] [2026-04-30T14:20:04.649Z] [unzip] Entry: client/android-chrome-512x512.png (compressed_size=5369 bytes, uncompressed_size=5411 bytes)
[debug] [2026-04-30T14:20:04.649Z] [unzip] Processing entry: client\android-chrome-512x512.png
[debug] [2026-04-30T14:20:04.649Z] [unzip] else mkdir: C:\Users\user\.cache\firebase\emulators\ui-v1.15.0\client
[debug] [2026-04-30T14:20:04.649Z] [unzip] deflating: C:\Users\user\.cache\firebase\emulators\ui-v1.15.0\client\android-chrome-512x512.png
[debug] [2026-04-30T14:20:04.651Z] [unzip] Entry: client/manifest.json (compressed_size=245 bytes, uncompressed_size=551 bytes)
[debug] [2026-04-30T14:20:04.651Z] [unzip] Processing entry: client\manifest.json
[debug] [2026-04-30T14:20:04.651Z] [unzip] else mkdir: C:\Users\user\.cache\firebase\emulators\ui-v1.15.0\client
[debug] [2026-04-30T14:20:04.651Z] [unzip] deflating: C:\Users\user\.cache\firebase\emulators\ui-v1.15.0\client\manifest.json
[debug] [2026-04-30T14:20:04.652Z] [unzip] Entry: client/robots.txt (compressed_size=26 bytes, uncompressed_size=26 bytes)
[debug] [2026-04-30T14:20:04.652Z] [unzip] Processing entry: client\robots.txt
[debug] [2026-04-30T14:20:04.652Z] [unzip] else mkdir: C:\Users\user\.cache\firebase\emulators\ui-v1.15.0\client
[debug] [2026-04-30T14:20:04.652Z] [unzip] Writing file: C:\Users\user\.cache\firebase\emulators\ui-v1.15.0\client\robots.txt
[debug] [2026-04-30T14:20:04.653Z] [unzip] Entry: client/mstile-150x150.png (compressed_size=2034 bytes, uncompressed_size=2034 bytes)
[debug] [2026-04-30T14:20:04.653Z] [unzip] Processing entry: client\mstile-150x150.png
[debug] [2026-04-30T14:20:04.653Z] [unzip] else mkdir: C:\Users\user\.cache\firebase\emulators\ui-v1.15.0\client
[debug] [2026-04-30T14:20:04.654Z] [unzip] Writing file: C:\Users\user\.cache\firebase\emulators\ui-v1.15.0\client\mstile-150x150.png
[debug] [2026-04-30T14:20:04.655Z] [unzip] Entry: client/assets/ (compressed_size=0 bytes, uncompressed_size=0 bytes)
[debug] [2026-04-30T14:20:04.655Z] [unzip] Processing entry: client\assets\
[debug] [2026-04-30T14:20:04.655Z] [unzip] mkdir: C:\Users\user\.cache\firebase\emulators\ui-v1.15.0\client\assets\
[debug] [2026-04-30T14:20:04.655Z] [unzip] Entry: client/assets/index-BX-A56oj.js (compressed_size=582089 bytes, uncompressed_size=2092775 bytes)
[debug] [2026-04-30T14:20:04.655Z] [unzip] Processing entry: client\assets\index-BX-A56oj.js
[debug] [2026-04-30T14:20:04.655Z] [unzip] else mkdir: C:\Users\user\.cache\firebase\emulators\ui-v1.15.0\client\assets
[debug] [2026-04-30T14:20:04.655Z] [unzip] deflating: C:\Users\user\.cache\firebase\emulators\ui-v1.15.0\client\assets\index-BX-A56oj.js
[debug] [2026-04-30T14:20:04.665Z] [unzip] Entry: client/assets/index-CjB9C900.css (compressed_size=35979 bytes, uncompressed_size=298654 bytes)
[debug] [2026-04-30T14:20:04.665Z] [unzip] Processing entry: client\assets\index-CjB9C900.css
[debug] [2026-04-30T14:20:04.665Z] [unzip] else mkdir: C:\Users\user\.cache\firebase\emulators\ui-v1.15.0\client\assets
[debug] [2026-04-30T14:20:04.666Z] [unzip] deflating: C:\Users\user\.cache\firebase\emulators\ui-v1.15.0\client\assets\index-CjB9C900.css
[debug] [2026-04-30T14:20:04.668Z] [unzip] Entry: client/assets/index-BX-A56oj.js.map (compressed_size=2362482 bytes, uncompressed_size=10036679 bytes)
[debug] [2026-04-30T14:20:04.668Z] [unzip] Processing entry: client\assets\index-BX-A56oj.js.map
[debug] [2026-04-30T14:20:04.668Z] [unzip] else mkdir: C:\Users\user\.cache\firebase\emulators\ui-v1.15.0\client\assets
[debug] [2026-04-30T14:20:04.668Z] [unzip] deflating: C:\Users\user\.cache\firebase\emulators\ui-v1.15.0\client\assets\index-BX-A56oj.js.map
[debug] [2026-04-30T14:20:04.706Z] [unzip] Entry: client/assets/extensions/ (compressed_size=0 bytes, uncompressed_size=0 bytes)
[debug] [2026-04-30T14:20:04.706Z] [unzip] Processing entry: client\assets\extensions\
[debug] [2026-04-30T14:20:04.707Z] [unzip] mkdir: C:\Users\user\.cache\firebase\emulators\ui-v1.15.0\client\assets\extensions\
[debug] [2026-04-30T14:20:04.707Z] [unzip] Entry: client/assets/extensions/default-extension.png (compressed_size=1646 bytes, uncompressed_size=1657 bytes)
[debug] [2026-04-30T14:20:04.707Z] [unzip] Processing entry: client\assets\extensions\default-extension.png
[debug] [2026-04-30T14:20:04.707Z] [unzip] else mkdir: C:\Users\user\.cache\firebase\emulators\ui-v1.15.0\client\assets\extensions
[debug] [2026-04-30T14:20:04.707Z] [unzip] deflating: C:\Users\user\.cache\firebase\emulators\ui-v1.15.0\client\assets\extensions\default-extension.png
[debug] [2026-04-30T14:20:04.709Z] [unzip] Entry: client/assets/img/ (compressed_size=0 bytes, uncompressed_size=0 bytes)
[debug] [2026-04-30T14:20:04.709Z] [unzip] Processing entry: client\assets\img\
[debug] [2026-04-30T14:20:04.709Z] [unzip] mkdir: C:\Users\user\.cache\firebase\emulators\ui-v1.15.0\client\assets\img\
[debug] [2026-04-30T14:20:04.709Z] [unzip] Entry: client/assets/img/database.png (compressed_size=29449 bytes, uncompressed_size=29988 bytes)
[debug] [2026-04-30T14:20:04.709Z] [unzip] Processing entry: client\assets\img\database.png
[debug] [2026-04-30T14:20:04.709Z] [unzip] else mkdir: C:\Users\user\.cache\firebase\emulators\ui-v1.15.0\client\assets\img
[debug] [2026-04-30T14:20:04.709Z] [unzip] deflating: C:\Users\user\.cache\firebase\emulators\ui-v1.15.0\client\assets\img\database.png
[debug] [2026-04-30T14:20:04.711Z] [unzip] Entry: client/assets/provider-icons/ (compressed_size=0 bytes, uncompressed_size=0 bytes)
[debug] [2026-04-30T14:20:04.711Z] [unzip] Processing entry: client\assets\provider-icons\
[debug] [2026-04-30T14:20:04.711Z] [unzip] mkdir: C:\Users\user\.cache\firebase\emulators\ui-v1.15.0\client\assets\provider-icons\
[debug] [2026-04-30T14:20:04.711Z] [unzip] Entry: client/assets/provider-icons/auth_service_saml.svg (compressed_size=575 bytes, uncompressed_size=1226 bytes)
[debug] [2026-04-30T14:20:04.711Z] [unzip] Processing entry: client\assets\provider-icons\auth_service_saml.svg
[debug] [2026-04-30T14:20:04.711Z] [unzip] else mkdir: C:\Users\user\.cache\firebase\emulators\ui-v1.15.0\client\assets\provider-icons
[debug] [2026-04-30T14:20:04.711Z] [unzip] deflating: C:\Users\user\.cache\firebase\emulators\ui-v1.15.0\client\assets\provider-icons\auth_service_saml.svg
[debug] [2026-04-30T14:20:04.713Z] [unzip] Entry: client/assets/provider-icons/auth_service_phone.svg (compressed_size=261 bytes, uncompressed_size=414 bytes)
[debug] [2026-04-30T14:20:04.713Z] [unzip] Processing entry: client\assets\provider-icons\auth_service_phone.svg
[debug] [2026-04-30T14:20:04.713Z] [unzip] else mkdir: C:\Users\user\.cache\firebase\emulators\ui-v1.15.0\client\assets\provider-icons
[debug] [2026-04-30T14:20:04.713Z] [unzip] deflating: C:\Users\user\.cache\firebase\emulators\ui-v1.15.0\client\assets\provider-icons\auth_service_phone.svg
[debug] [2026-04-30T14:20:04.714Z] [unzip] Entry: client/assets/provider-icons/auth_service_facebook.svg (compressed_size=289 bytes, uncompressed_size=457 bytes)
[debug] [2026-04-30T14:20:04.714Z] [unzip] Processing entry: client\assets\provider-icons\auth_service_facebook.svg
[debug] [2026-04-30T14:20:04.714Z] [unzip] else mkdir: C:\Users\user\.cache\firebase\emulators\ui-v1.15.0\client\assets\provider-icons
[debug] [2026-04-30T14:20:04.714Z] [unzip] deflating: C:\Users\user\.cache\firebase\emulators\ui-v1.15.0\client\assets\provider-icons\auth_service_facebook.svg
[debug] [2026-04-30T14:20:04.715Z] [unzip] Entry: client/assets/provider-icons/auth_service_game_center.svg (compressed_size=991 bytes, uncompressed_size=3921 bytes)
[debug] [2026-04-30T14:20:04.715Z] [unzip] Processing entry: client\assets\provider-icons\auth_service_game_center.svg
[debug] [2026-04-30T14:20:04.715Z] [unzip] else mkdir: C:\Users\user\.cache\firebase\emulators\ui-v1.15.0\client\assets\provider-icons
[debug] [2026-04-30T14:20:04.715Z] [unzip] deflating: C:\Users\user\.cache\firebase\emulators\ui-v1.15.0\client\assets\provider-icons\auth_service_game_center.svg
[debug] [2026-04-30T14:20:04.716Z] [unzip] Entry: client/assets/provider-icons/auth_service_apple.svg (compressed_size=230 bytes, uncompressed_size=334 bytes)
[debug] [2026-04-30T14:20:04.716Z] [unzip] Processing entry: client\assets\provider-icons\auth_service_apple.svg
[debug] [2026-04-30T14:20:04.716Z] [unzip] else mkdir: C:\Users\user\.cache\firebase\emulators\ui-v1.15.0\client\assets\provider-icons
[debug] [2026-04-30T14:20:04.717Z] [unzip] deflating: C:\Users\user\.cache\firebase\emulators\ui-v1.15.0\client\assets\provider-icons\auth_service_apple.svg
[debug] [2026-04-30T14:20:04.718Z] [unzip] Entry: client/assets/provider-icons/auth_service_github.svg (compressed_size=466 bytes, uncompressed_size=838 bytes)
[debug] [2026-04-30T14:20:04.718Z] [unzip] Processing entry: client\assets\provider-icons\auth_service_github.svg
[debug] [2026-04-30T14:20:04.718Z] [unzip] else mkdir: C:\Users\user\.cache\firebase\emulators\ui-v1.15.0\client\assets\provider-icons
[debug] [2026-04-30T14:20:04.718Z] [unzip] deflating: C:\Users\user\.cache\firebase\emulators\ui-v1.15.0\client\assets\provider-icons\auth_service_github.svg
[debug] [2026-04-30T14:20:04.720Z] [unzip] Entry: client/assets/provider-icons/auth_service_mslive.svg (compressed_size=203 bytes, uncompressed_size=378 bytes)
[debug] [2026-04-30T14:20:04.720Z] [unzip] Processing entry: client\assets\provider-icons\auth_service_mslive.svg
[debug] [2026-04-30T14:20:04.720Z] [unzip] else mkdir: C:\Users\user\.cache\firebase\emulators\ui-v1.15.0\client\assets\provider-icons
[debug] [2026-04-30T14:20:04.720Z] [unzip] deflating: C:\Users\user\.cache\firebase\emulators\ui-v1.15.0\client\assets\provider-icons\auth_service_mslive.svg
[debug] [2026-04-30T14:20:04.721Z] [unzip] Entry: client/assets/provider-icons/auth_service_yahoo.svg (compressed_size=577 bytes, uncompressed_size=1182 bytes)
[debug] [2026-04-30T14:20:04.721Z] [unzip] Processing entry: client\assets\provider-icons\auth_service_yahoo.svg
[debug] [2026-04-30T14:20:04.721Z] [unzip] else mkdir: C:\Users\user\.cache\firebase\emulators\ui-v1.15.0\client\assets\provider-icons
[debug] [2026-04-30T14:20:04.722Z] [unzip] deflating: C:\Users\user\.cache\firebase\emulators\ui-v1.15.0\client\assets\provider-icons\auth_service_yahoo.svg
[debug] [2026-04-30T14:20:04.722Z] [unzip] Entry: client/assets/provider-icons/auth_service_twitter.svg (compressed_size=444 bytes, uncompressed_size=751 bytes)
[debug] [2026-04-30T14:20:04.723Z] [unzip] Processing entry: client\assets\provider-icons\auth_service_twitter.svg
[debug] [2026-04-30T14:20:04.723Z] [unzip] else mkdir: C:\Users\user\.cache\firebase\emulators\ui-v1.15.0\client\assets\provider-icons
[debug] [2026-04-30T14:20:04.723Z] [unzip] deflating: C:\Users\user\.cache\firebase\emulators\ui-v1.15.0\client\assets\provider-icons\auth_service_twitter.svg
[debug] [2026-04-30T14:20:04.724Z] [unzip] Entry: client/assets/provider-icons/auth_service_play_games.svg (compressed_size=565 bytes, uncompressed_size=1173 bytes)
[debug] [2026-04-30T14:20:04.724Z] [unzip] Processing entry: client\assets\provider-icons\auth_service_play_games.svg
[debug] [2026-04-30T14:20:04.724Z] [unzip] else mkdir: C:\Users\user\.cache\firebase\emulators\ui-v1.15.0\client\assets\provider-icons
[debug] [2026-04-30T14:20:04.724Z] [unzip] deflating: C:\Users\user\.cache\firebase\emulators\ui-v1.15.0\client\assets\provider-icons\auth_service_play_games.svg
[debug] [2026-04-30T14:20:04.725Z] [unzip] Entry: client/assets/provider-icons/auth_service_email.svg (compressed_size=228 bytes, uncompressed_size=326 bytes)
[debug] [2026-04-30T14:20:04.725Z] [unzip] Processing entry: client\assets\provider-icons\auth_service_email.svg
[debug] [2026-04-30T14:20:04.725Z] [unzip] else mkdir: C:\Users\user\.cache\firebase\emulators\ui-v1.15.0\client\assets\provider-icons
[debug] [2026-04-30T14:20:04.725Z] [unzip] deflating: C:\Users\user\.cache\firebase\emulators\ui-v1.15.0\client\assets\provider-icons\auth_service_email.svg
[debug] [2026-04-30T14:20:04.726Z] [unzip] Entry: client/assets/provider-icons/auth_service_google.svg (compressed_size=409 bytes, uncompressed_size=720 bytes)
[debug] [2026-04-30T14:20:04.726Z] [unzip] Processing entry: client\assets\provider-icons\auth_service_google.svg
[debug] [2026-04-30T14:20:04.726Z] [unzip] else mkdir: C:\Users\user\.cache\firebase\emulators\ui-v1.15.0\client\assets\provider-icons
[debug] [2026-04-30T14:20:04.727Z] [unzip] deflating: C:\Users\user\.cache\firebase\emulators\ui-v1.15.0\client\assets\provider-icons\auth_service_google.svg
[debug] [2026-04-30T14:20:04.728Z] [unzip] Entry: client/assets/provider-icons/auth_service_oidc.svg (compressed_size=414 bytes, uncompressed_size=858 bytes)
[debug] [2026-04-30T14:20:04.728Z] [unzip] Processing entry: client\assets\provider-icons\auth_service_oidc.svg
[debug] [2026-04-30T14:20:04.728Z] [unzip] else mkdir: C:\Users\user\.cache\firebase\emulators\ui-v1.15.0\client\assets\provider-icons
[debug] [2026-04-30T14:20:04.728Z] [unzip] deflating: C:\Users\user\.cache\firebase\emulators\ui-v1.15.0\client\assets\provider-icons\auth_service_oidc.svg
[debug] [2026-04-30T14:20:04.729Z] [unzip] Entry: client/browserconfig.xml (compressed_size=491 bytes, uncompressed_size=822 bytes)
[debug] [2026-04-30T14:20:04.729Z] [unzip] Processing entry: client\browserconfig.xml
[debug] [2026-04-30T14:20:04.729Z] [unzip] else mkdir: C:\Users\user\.cache\firebase\emulators\ui-v1.15.0\client
[debug] [2026-04-30T14:20:04.729Z] [unzip] deflating: C:\Users\user\.cache\firebase\emulators\ui-v1.15.0\client\browserconfig.xml
[debug] [2026-04-30T14:20:04.730Z] [unzip] Entry: client/favicon-32x32.png (compressed_size=475 bytes, uncompressed_size=475 bytes)
[debug] [2026-04-30T14:20:04.730Z] [unzip] Processing entry: client\favicon-32x32.png
[debug] [2026-04-30T14:20:04.730Z] [unzip] else mkdir: C:\Users\user\.cache\firebase\emulators\ui-v1.15.0\client
[debug] [2026-04-30T14:20:04.730Z] [unzip] Writing file: C:\Users\user\.cache\firebase\emulators\ui-v1.15.0\client\favicon-32x32.png
[debug] [2026-04-30T14:20:04.731Z] [unzip] Entry: server/ (compressed_size=0 bytes, uncompressed_size=0 bytes)
[debug] [2026-04-30T14:20:04.731Z] [unzip] Processing entry: server\
[debug] [2026-04-30T14:20:04.731Z] [unzip] mkdir: C:\Users\user\.cache\firebase\emulators\ui-v1.15.0\server\
[debug] [2026-04-30T14:20:04.732Z] [unzip] Entry: server/server.mjs.map (compressed_size=217845 bytes, uncompressed_size=944978 bytes)
[debug] [2026-04-30T14:20:04.732Z] [unzip] Processing entry: server\server.mjs.map
[debug] [2026-04-30T14:20:04.732Z] [unzip] else mkdir: C:\Users\user\.cache\firebase\emulators\ui-v1.15.0\server
[debug] [2026-04-30T14:20:04.732Z] [unzip] deflating: C:\Users\user\.cache\firebase\emulators\ui-v1.15.0\server\server.mjs.map
[debug] [2026-04-30T14:20:04.737Z] [unzip] Entry: server/server.mjs (compressed_size=276407 bytes, uncompressed_size=933701 bytes)
[debug] [2026-04-30T14:20:04.737Z] [unzip] Processing entry: server\server.mjs
[debug] [2026-04-30T14:20:04.737Z] [unzip] else mkdir: C:\Users\user\.cache\firebase\emulators\ui-v1.15.0\server
[debug] [2026-04-30T14:20:04.737Z] [unzip] deflating: C:\Users\user\.cache\firebase\emulators\ui-v1.15.0\server\server.mjs
[debug] [2026-04-30T14:20:04.747Z] [Extensions] Connecting Extensions emulator, this is a noop.
[info] i  functions: Watching "C:\Users\user\OneDrive\Desktop\anting\functions" for Cloud Functions... {"metadata":{"emulator":{"name":"functions"},"message":"Watching \"C:\\Users\\user\\OneDrive\\Desktop\\anting\\functions\" for Cloud Functions..."}}
[debug] [2026-04-30T14:20:04.749Z] Validating nodejs source
[warn] !  functions: package.json indicates an outdated version of firebase-functions. Please upgrade using npm install --save firebase-functions@latest in your functions directory. 
[warn] !  functions: Please note that there will be breaking changes when you upgrade. 
[debug] [2026-04-30T14:20:05.481Z] > [functions] package.json contents: {
  "name": "functions",
  "scripts": {
    "build": "tsc",
    "serve": "npm run build && firebase emulators:start --only functions",
    "shell": "npm run build && firebase functions:shell",
    "start": "npm run shell",
    "deploy": "firebase deploy --only functions",
    "logs": "firebase functions:log"
  },
  "engines": {
    "node": "24"
  },
  "main": "lib/index.js",
  "dependencies": {
    "axios": "^1.15.2",
    "cors": "^2.8.6",
    "express": "^5.2.1",
    "firebase": "^12.12.1",
    "firebase-admin": "^12.7.0",
    "firebase-functions": "^5.0.0"
  },
  "devDependencies": {
    "@firebase/rules-unit-testing": "^5.0.0",
    "@types/cors": "^2.8.19",
    "@types/express": "^5.0.6",
    "firebase-tools": "^15.15.0",
    "tsx": "^4.21.0",
    "typescript": "^5.0.0"
  },
  "private": true
}
[debug] [2026-04-30T14:20:05.482Z] Building nodejs source
[debug] [2026-04-30T14:20:05.482Z] Failed to find version of module node: reached end of search path C:\Users\user\OneDrive\Desktop\anting\functions\node_modules
[info] +  functions: Using node@24 from host. 
[debug] [2026-04-30T14:20:05.484Z] Could not find functions.yaml. Must use http discovery
[debug] [2026-04-30T14:20:05.502Z] Found firebase-functions binary at 'C:\Users\user\OneDrive\Desktop\anting\functions\node_modules\.bin\firebase-functions'
[info] Serving at port 8571

[debug] [2026-04-30T14:20:06.823Z] Got response from /__/functions.yaml {"endpoints":{"onUserCreate":{"platform":"gcfv1","availableMemoryMb":null,"timeoutSeconds":null,"minInstances":null,"maxInstances":null,"ingressSettings":null,"serviceAccountEmail":null,"vpc":null,"eventTrigger":{"eventType":"providers/firebase.auth/eventTypes/user.create","eventFilters":{"resource":"projects/anting-app"},"retry":false},"labels":{},"entryPoint":"onUserCreate"},"setUserRole":{"platform":"gcfv1","labels":{},"availableMemoryMb":null,"timeoutSeconds":null,"minInstances":null,"maxInstances":null,"ingressSettings":null,"serviceAccountEmail":null,"vpc":null,"region":["asia-northeast3"],"callableTrigger":{},"entryPoint":"setUserRole"},"api":{"platform":"gcfv1","availableMemoryMb":null,"timeoutSeconds":null,"minInstances":null,"maxInstances":null,"ingressSettings":null,"serviceAccountEmail":null,"vpc":null,"httpsTrigger":{},"entryPoint":"api"},"createCampaign":{"availableMemoryMb":null,"timeoutSeconds":null,"minInstances":null,"maxInstances":null,"ingressSettings":null,"concurrency":null,"serviceAccountEmail":null,"vpc":null,"platform":"gcfv2","region":["asia-northeast3"],"labels":{},"callableTrigger":{},"entryPoint":"createCampaign"},"getCampaigns":{"platform":"gcfv1","labels":{},"availableMemoryMb":null,"timeoutSeconds":null,"minInstances":null,"maxInstances":null,"ingressSettings":null,"serviceAccountEmail":null,"vpc":null,"region":["asia-northeast3"],"callableTrigger":{},"entryPoint":"getCampaigns"},"updateStatus":{"platform":"gcfv1","labels":{},"availableMemoryMb":null,"timeoutSeconds":null,"minInstances":null,"maxInstances":null,"ingressSettings":null,"serviceAccountEmail":null,"vpc":null,"region":["asia-northeast3"],"callableTrigger":{},"entryPoint":"updateStatus"},"apply":{"platform":"gcfv1","labels":{},"availableMemoryMb":null,"timeoutSeconds":null,"minInstances":null,"maxInstances":null,"ingressSettings":null,"serviceAccountEmail":null,"vpc":null,"region":["asia-northeast3"],"callableTrigger":{},"entryPoint":"apply"},"getApplications":{"platform":"gcfv1","labels":{},"availableMemoryMb":null,"timeoutSeconds":null,"minInstances":null,"maxInstances":null,"ingressSettings":null,"serviceAccountEmail":null,"vpc":null,"region":["asia-northeast3"],"callableTrigger":{},"entryPoint":"getApplications"},"selectApplicant":{"platform":"gcfv1","labels":{},"availableMemoryMb":null,"timeoutSeconds":null,"minInstances":null,"maxInstances":null,"ingressSettings":null,"serviceAccountEmail":null,"vpc":null,"region":["asia-northeast3"],"callableTrigger":{},"entryPoint":"selectApplicant"},"updateShipping":{"platform":"gcfv1","labels":{},"availableMemoryMb":null,"timeoutSeconds":null,"minInstances":null,"maxInstances":null,"ingressSettings":null,"serviceAccountEmail":null,"vpc":null,"region":["asia-northeast3"],"callableTrigger":{},"entryPoint":"updateShipping"},"confirmDelivery":{"platform":"gcfv1","labels":{},"availableMemoryMb":null,"timeoutSeconds":null,"minInstances":null,"maxInstances":null,"ingressSettings":null,"serviceAccountEmail":null,"vpc":null,"region":["asia-northeast3"],"callableTrigger":{},"entryPoint":"confirmDelivery"},"submitContent":{"platform":"gcfv1","labels":{},"availableMemoryMb":null,"timeoutSeconds":null,"minInstances":null,"maxInstances":null,"ingressSettings":null,"serviceAccountEmail":null,"vpc":null,"region":["asia-northeast3"],"callableTrigger":{},"entryPoint":"submitContent"},"approveContent":{"platform":"gcfv1","labels":{},"availableMemoryMb":null,"timeoutSeconds":null,"minInstances":null,"maxInstances":null,"ingressSettings":null,"serviceAccountEmail":null,"vpc":null,"region":["asia-northeast3"],"callableTrigger":{},"entryPoint":"approveContent"},"rejectContent":{"platform":"gcfv1","labels":{},"availableMemoryMb":null,"timeoutSeconds":null,"minInstances":null,"maxInstances":null,"ingressSettings":null,"serviceAccountEmail":null,"vpc":null,"region":["asia-northeast3"],"callableTrigger":{},"entryPoint":"rejectContent"},"updateBrand":{"availableMemoryMb":null,"timeoutSeconds":null,"minInstances":null,"maxInstances":null,"ingressSettings":null,"concurrency":null,"serviceAccountEmail":null,"vpc":null,"platform":"gcfv2","labels":{},"callableTrigger":{},"entryPoint":"updateBrand"},"withdrawPoints":{"platform":"gcfv1","labels":{},"availableMemoryMb":null,"timeoutSeconds":null,"minInstances":null,"maxInstances":null,"ingressSettings":null,"serviceAccountEmail":null,"vpc":null,"region":["asia-northeast3"],"callableTrigger":{},"entryPoint":"withdrawPoints"},"saveCampaignDraft":{"availableMemoryMb":null,"timeoutSeconds":null,"minInstances":null,"maxInstances":null,"ingressSettings":null,"concurrency":null,"serviceAccountEmail":null,"vpc":null,"platform":"gcfv2","labels":{},"callableTrigger":{},"entryPoint":"saveCampaignDraft"},"getCampaignDraft":{"availableMemoryMb":null,"timeoutSeconds":null,"minInstances":null,"maxInstances":null,"ingressSettings":null,"concurrency":null,"serviceAccountEmail":null,"vpc":null,"platform":"gcfv2","labels":{},"callableTrigger":{},"entryPoint":"getCampaignDraft"},"createProduct":{"availableMemoryMb":null,"timeoutSeconds":null,"minInstances":null,"maxInstances":null,"ingressSettings":null,"concurrency":null,"serviceAccountEmail":null,"vpc":null,"platform":"gcfv2","labels":{},"callableTrigger":{},"entryPoint":"createProduct"},"getProducts":{"availableMemoryMb":null,"timeoutSeconds":null,"minInstances":null,"maxInstances":null,"ingressSettings":null,"concurrency":null,"serviceAccountEmail":null,"vpc":null,"platform":"gcfv2","labels":{},"callableTrigger":{},"entryPoint":"getProducts"},"updateProduct":{"availableMemoryMb":null,"timeoutSeconds":null,"minInstances":null,"maxInstances":null,"ingressSettings":null,"concurrency":null,"serviceAccountEmail":null,"vpc":null,"platform":"gcfv2","labels":{},"callableTrigger":{},"entryPoint":"updateProduct"},"deleteProduct":{"availableMemoryMb":null,"timeoutSeconds":null,"minInstances":null,"maxInstances":null,"ingressSettings":null,"concurrency":null,"serviceAccountEmail":null,"vpc":null,"platform":"gcfv2","labels":{},"callableTrigger":{},"entryPoint":"deleteProduct"}},"specVersion":"v1alpha1","requiredAPIs":[],"extensions":{}}
[debug] [2026-04-30T14:20:10.881Z] defaultcredentials: writing to file C:\Users\user\AppData\Roaming\firebase\topclass192_gmail_com_application_default_credentials.json
[debug] [2026-04-30T14:20:10.882Z] Setting GAC to C:\Users\user\AppData\Roaming\firebase\topclass192_gmail_com_application_default_credentials.json {"metadata":{"emulator":{"name":"functions"},"message":"Setting GAC to C:\\Users\\user\\AppData\\Roaming\\firebase\\topclass192_gmail_com_application_default_credentials.json"}}
[info] +  functions: Loaded functions definitions from source: onUserCreate, api, updateBrand, saveCampaignDraft, getCampaignDraft, createProduct, getProducts, updateProduct, deleteProduct, setUserRole, createCampaign, getCampaigns, updateStatus, apply, getApplications, selectApplicant, updateShipping, confirmDelivery, submitContent, approveContent, rejectContent, withdrawPoints. {"metadata":{"emulator":{"name":"functions"},"message":"Loaded functions definitions from source: onUserCreate, api, updateBrand, saveCampaignDraft, getCampaignDraft, createProduct, getProducts, updateProduct, deleteProduct, setUserRole, createCampaign, getCampaigns, updateStatus, apply, getApplications, selectApplicant, updateShipping, confirmDelivery, submitContent, approveContent, rejectContent, withdrawPoints."}}
[debug] [2026-04-30T14:20:10.885Z] addAuthTrigger {"eventTrigger":{"eventType":"providers/firebase.auth/eventTypes/user.create","resource":"projects/anting-app"}}
[info] +  functions[us-central1-onUserCreate]: auth function initialized. {"metadata":{"emulator":{"name":"functions"},"message":"\u001b[1mauth\u001b[22m function initialized."}}
[info] +  functions[us-central1-api]: http function initialized (http://127.0.0.1:5001/anting-app/us-central1/api). {"metadata":{"emulator":{"name":"functions"},"message":"\u001b[1mhttp\u001b[22m function initialized (http://127.0.0.1:5001/anting-app/us-central1/api)."}}
[info] +  functions[us-central1-updateBrand]: http function initialized (http://127.0.0.1:5001/anting-app/us-central1/updateBrand). {"metadata":{"emulator":{"name":"functions"},"message":"\u001b[1mhttp\u001b[22m function initialized (http://127.0.0.1:5001/anting-app/us-central1/updateBrand)."}}
[info] +  functions[us-central1-saveCampaignDraft]: http function initialized (http://127.0.0.1:5001/anting-app/us-central1/saveCampaignDraft). {"metadata":{"emulator":{"name":"functions"},"message":"\u001b[1mhttp\u001b[22m function initialized (http://127.0.0.1:5001/anting-app/us-central1/saveCampaignDraft)."}}
[info] +  functions[us-central1-getCampaignDraft]: http function initialized (http://127.0.0.1:5001/anting-app/us-central1/getCampaignDraft). {"metadata":{"emulator":{"name":"functions"},"message":"\u001b[1mhttp\u001b[22m function initialized (http://127.0.0.1:5001/anting-app/us-central1/getCampaignDraft)."}}
[info] +  functions[us-central1-createProduct]: http function initialized (http://127.0.0.1:5001/anting-app/us-central1/createProduct). {"metadata":{"emulator":{"name":"functions"},"message":"\u001b[1mhttp\u001b[22m function initialized (http://127.0.0.1:5001/anting-app/us-central1/createProduct)."}}
[info] +  functions[us-central1-getProducts]: http function initialized (http://127.0.0.1:5001/anting-app/us-central1/getProducts). {"metadata":{"emulator":{"name":"functions"},"message":"\u001b[1mhttp\u001b[22m function initialized (http://127.0.0.1:5001/anting-app/us-central1/getProducts)."}}
[info] +  functions[us-central1-updateProduct]: http function initialized (http://127.0.0.1:5001/anting-app/us-central1/updateProduct). {"metadata":{"emulator":{"name":"functions"},"message":"\u001b[1mhttp\u001b[22m function initialized (http://127.0.0.1:5001/anting-app/us-central1/updateProduct)."}}
[info] +  functions[us-central1-deleteProduct]: http function initialized (http://127.0.0.1:5001/anting-app/us-central1/deleteProduct). {"metadata":{"emulator":{"name":"functions"},"message":"\u001b[1mhttp\u001b[22m function initialized (http://127.0.0.1:5001/anting-app/us-central1/deleteProduct)."}}
[info] +  functions[asia-northeast3-setUserRole]: http function initialized (http://127.0.0.1:5001/anting-app/asia-northeast3/setUserRole). {"metadata":{"emulator":{"name":"functions"},"message":"\u001b[1mhttp\u001b[22m function initialized (http://127.0.0.1:5001/anting-app/asia-northeast3/setUserRole)."}}
[info] +  functions[asia-northeast3-createCampaign]: http function initialized (http://127.0.0.1:5001/anting-app/asia-northeast3/createCampaign). {"metadata":{"emulator":{"name":"functions"},"message":"\u001b[1mhttp\u001b[22m function initialized (http://127.0.0.1:5001/anting-app/asia-northeast3/createCampaign)."}}
[info] +  functions[asia-northeast3-getCampaigns]: http function initialized (http://127.0.0.1:5001/anting-app/asia-northeast3/getCampaigns). {"metadata":{"emulator":{"name":"functions"},"message":"\u001b[1mhttp\u001b[22m function initialized (http://127.0.0.1:5001/anting-app/asia-northeast3/getCampaigns)."}}
[info] +  functions[asia-northeast3-updateStatus]: http function initialized (http://127.0.0.1:5001/anting-app/asia-northeast3/updateStatus). {"metadata":{"emulator":{"name":"functions"},"message":"\u001b[1mhttp\u001b[22m function initialized (http://127.0.0.1:5001/anting-app/asia-northeast3/updateStatus)."}}
[info] +  functions[asia-northeast3-apply]: http function initialized (http://127.0.0.1:5001/anting-app/asia-northeast3/apply). {"metadata":{"emulator":{"name":"functions"},"message":"\u001b[1mhttp\u001b[22m function initialized (http://127.0.0.1:5001/anting-app/asia-northeast3/apply)."}}
[info] +  functions[asia-northeast3-getApplications]: http function initialized (http://127.0.0.1:5001/anting-app/asia-northeast3/getApplications). {"metadata":{"emulator":{"name":"functions"},"message":"\u001b[1mhttp\u001b[22m function initialized (http://127.0.0.1:5001/anting-app/asia-northeast3/getApplications)."}}
[info] +  functions[asia-northeast3-selectApplicant]: http function initialized (http://127.0.0.1:5001/anting-app/asia-northeast3/selectApplicant). {"metadata":{"emulator":{"name":"functions"},"message":"\u001b[1mhttp\u001b[22m function initialized (http://127.0.0.1:5001/anting-app/asia-northeast3/selectApplicant)."}}
[info] +  functions[asia-northeast3-updateShipping]: http function initialized (http://127.0.0.1:5001/anting-app/asia-northeast3/updateShipping). {"metadata":{"emulator":{"name":"functions"},"message":"\u001b[1mhttp\u001b[22m function initialized (http://127.0.0.1:5001/anting-app/asia-northeast3/updateShipping)."}}
[info] +  functions[asia-northeast3-confirmDelivery]: http function initialized (http://127.0.0.1:5001/anting-app/asia-northeast3/confirmDelivery). {"metadata":{"emulator":{"name":"functions"},"message":"\u001b[1mhttp\u001b[22m function initialized (http://127.0.0.1:5001/anting-app/asia-northeast3/confirmDelivery)."}}
[info] +  functions[asia-northeast3-submitContent]: http function initialized (http://127.0.0.1:5001/anting-app/asia-northeast3/submitContent). {"metadata":{"emulator":{"name":"functions"},"message":"\u001b[1mhttp\u001b[22m function initialized (http://127.0.0.1:5001/anting-app/asia-northeast3/submitContent)."}}
[info] +  functions[asia-northeast3-approveContent]: http function initialized (http://127.0.0.1:5001/anting-app/asia-northeast3/approveContent). {"metadata":{"emulator":{"name":"functions"},"message":"\u001b[1mhttp\u001b[22m function initialized (http://127.0.0.1:5001/anting-app/asia-northeast3/approveContent)."}}
[info] +  functions[asia-northeast3-rejectContent]: http function initialized (http://127.0.0.1:5001/anting-app/asia-northeast3/rejectContent). {"metadata":{"emulator":{"name":"functions"},"message":"\u001b[1mhttp\u001b[22m function initialized (http://127.0.0.1:5001/anting-app/asia-northeast3/rejectContent)."}}
[info] +  functions[asia-northeast3-withdrawPoints]: http function initialized (http://127.0.0.1:5001/anting-app/asia-northeast3/withdrawPoints). {"metadata":{"emulator":{"name":"functions"},"message":"\u001b[1mhttp\u001b[22m function initialized (http://127.0.0.1:5001/anting-app/asia-northeast3/withdrawPoints)."}}
[debug] [2026-04-30T14:20:10.896Z] Could not find VSCode notification endpoint: FetchError: request to http://localhost:40001/vscode/notify failed, reason: . If you are not running the Firebase SQL Connect VSCode extension, this is expected and not an issue.
[info] 
┌─────────────────────────────────────────────────────────────┐
│ ✔  All emulators ready! It is now safe to connect your app. │
│ i  View Emulator UI at http://127.0.0.1:4000/               │
└─────────────────────────────────────────────────────────────┘

┌────────────────┬────────────────┬──────────────────────────────────┐
│ Emulator       │ Host:Port      │ View in Emulator UI              │
├────────────────┼────────────────┼──────────────────────────────────┤
│ Authentication │ 127.0.0.1:9099 │ http://127.0.0.1:4000/auth       │
├────────────────┼────────────────┼──────────────────────────────────┤
│ Functions      │ 127.0.0.1:5001 │ http://127.0.0.1:4000/functions  │
├────────────────┼────────────────┼──────────────────────────────────┤
│ Firestore      │ 127.0.0.1:8080 │ http://127.0.0.1:4000/firestore  │
├────────────────┼────────────────┼──────────────────────────────────┤
│ Hosting        │ 127.0.0.1:5000 │ n/a                              │
├────────────────┼────────────────┼──────────────────────────────────┤
│ Storage        │ 127.0.0.1:9199 │ http://127.0.0.1:4000/storage    │
├────────────────┼────────────────┼──────────────────────────────────┤
│ Extensions     │ 127.0.0.1:5001 │ http://127.0.0.1:4000/extensions │
└────────────────┴────────────────┴──────────────────────────────────┘
  Emulator Hub host: 127.0.0.1 port: 4400
  Other reserved ports: 4500, 9150
┌─────────────────────────┬───────────────┬─────────────────────┐
│ Extension Instance Name │ Extension Ref │ View in Emulator UI │
└─────────────────────────┴───────────────┴─────────────────────┘
Issues? Report them at https://github.com/firebase/firebase-tools/issues and attach the *-debug.log files.
 
